<?xml version="1.0" encoding="UTF-8"?>
<beans xmlns="http://www.springframework.org/schema/beans"
	   xmlns:xsi="http://www.w3.org/2001/XMLSchema-instance"
	   xmlns:context="http://www.springframework.org/schema/context"
	   xmlns:mvc="http://www.springframework.org/schema/mvc"
	   xsi:schemaLocation="http://www.springframework.org/schema/beans
                        http://www.springframework.org/schema/beans/spring-beans-3.1.xsd  
                        http://www.springframework.org/schema/context  
                        http://www.springframework.org/schema/context/spring-context-3.1.xsd  
                        http://www.springframework.org/schema/mvc  
                        http://www.springframework.org/schema/mvc/spring-mvc-4.0.xsd">
	
	<!-- 自动扫描包含控制器的包名 -->
	<context:component-scan base-package="org.reion.impl.web" />

	<!-- 默认的注解映射的支持 -->
	<!-- 不显式配置默认了以下三个标签 -->
	<!-- RequestMappingHandlerMapping，RequestMappingHandlerAdapter，DefaultHandlerExceptionResolver -->
	<mvc:annotation-driven />

	<!--<bean name="rMapping" class="org.springframework.web.servlet.mvc.method.annotation.RequestMappingHandlerMapping">-->
		<!--<property name="interceptors">-->
			<!--<list>-->
				<!--<bean class="org.reion.impl.web.UserInterceptoror"></bean>-->
			<!--</list>-->
		<!--</property>-->
	<!--</bean>-->
	<!--<bean name="rAdapter" class="org.springframework.web.servlet.mvc.method.annotation.RequestMappingHandlerAdapter" />-->

	<!-- 视图模式配置 -->
	<bean
		class="org.springframework.web.servlet.view.InternalResourceViewResolver">
		<property name="prefix" value="/WEB-INF/jsp/" />
		<property name="suffix" value=".jsp" />
	</bean>

	<!-- 拦截器 -->
	<!--<mvc:interceptors>-->
		<!--<bean class="org.reion.impl.web.UserInterceptoror" />-->
	<!--</mvc:interceptors>-->

	<!-- 总错误处理-->
	<bean id="exceptionResolver" class="org.springframework.web.servlet.handler.SimpleMappingExceptionResolver">
		<property name="defaultErrorView" value="error"/>
		<property name="defaultStatusCode" value="500"/>
		<property name="warnLogCategory"
				  value="org.springframework.web.servlet.handler.SimpleMappingExceptionResolver"/>
	</bean>
</beans>